Resolving dependencies...
Downloading packages...
  _flutterfire_internals 1.3.44 (1.3.64 available)
  characters 1.4.0 (1.4.1 available)
  cloud_firestore 5.4.3 (6.1.0 available)
  cloud_firestore_platform_interface 6.4.3 (7.0.4 available)
  cloud_firestore_web 4.3.2 (5.1.0 available)
  firebase_auth 5.3.1 (6.1.2 available)
  firebase_auth_platform_interface 7.4.7 (8.1.4 available)
  firebase_auth_web 5.13.2 (6.1.0 available)
  firebase_core 3.6.0 (4.2.1 available)
  firebase_core_platform_interface 5.4.2 (6.0.2 available)
  firebase_core_web 2.24.0 (3.3.0 available)
  firebase_storage 12.3.2 (13.0.4 available)
  firebase_storage_platform_interface 5.1.31 (5.2.15 available)
  firebase_storage_web 3.10.3 (3.11.0 available)
  flutter_lints 5.0.0 (6.0.0 available)
  google_mobile_ads 5.3.1 (6.0.0 available)
  google_sign_in 6.2.2 (7.2.0 available)
  google_sign_in_android 6.2.1 (7.2.7 available)
  google_sign_in_ios 5.9.0 (6.2.4 available)
  google_sign_in_platform_interface 2.5.0 (3.1.0 available)
  google_sign_in_web 0.12.4+4 (1.1.0 available)
  http 1.5.0 (1.6.0 available)
  lints 5.1.1 (6.0.0 available)
  matcher 0.12.17 (0.12.18 available)
  material_color_utilities 0.11.1 (0.13.0 available)
  meta 1.16.0 (1.17.0 available)
  share_plus 10.1.4 (12.0.1 available)
  share_plus_platform_interface 5.0.2 (6.1.0 available)
  shared_preferences 2.5.3 (2.5.4 available)
  test_api 0.7.6 (0.7.8 available)
Got dependencies!
30 packages have newer versions incompatible with dependency constraints.
Try `flutter pub outdated` for more information.
Running Gradle task 'bundleRelease'...                          
lib/screens/gacha_screen.dart:664:56: Error: The getter 'canPull' isn't defined for the type 'GachaProvider'.
 - 'GachaProvider' is from 'package:weekly_gacha/providers/gacha_provider.dart' ('lib/providers/gacha_provider.dart').
Try correcting the name to the name of an existing getter, or defining a getter or field named 'canPull'.
                                  onTap: gachaProvider.canPull
                                                       ^^^^^^^
lib/screens/gacha_screen.dart:674:63: Error: The getter 'canPull' isn't defined for the type 'GachaProvider'.
 - 'GachaProvider' is from 'package:weekly_gacha/providers/gacha_provider.dart' ('lib/providers/gacha_provider.dart').
Try correcting the name to the name of an existing getter, or defining a getter or field named 'canPull'.
                                        colors: gachaProvider.canPull
                                                              ^^^^^^^
lib/screens/gacha_screen.dart:688:64: Error: The getter 'canPull' isn't defined for the type 'GachaProvider'.
 - 'GachaProvider' is from 'package:weekly_gacha/providers/gacha_provider.dart' ('lib/providers/gacha_provider.dart').
Try correcting the name to the name of an existing getter, or defining a getter or field named 'canPull'.
                                      boxShadow: gachaProvider.canPull
                                                               ^^^^^^^
lib/screens/gacha_screen.dart:730:57: Error: The getter 'canPull' isn't defined for the type 'GachaProvider'.
 - 'GachaProvider' is from 'package:weekly_gacha/providers/gacha_provider.dart' ('lib/providers/gacha_provider.dart').
Try correcting the name to the name of an existing getter, or defining a getter or field named 'canPull'.
                                          gachaProvider.canPull ? '????????? ??????!' : '?????? ??????',
                                                        ^^^^^^^
lib/screens/gacha_screen.dart:742:51: Error: The getter 'canPull' isn't defined for the type 'GachaProvider'.
 - 'GachaProvider' is from 'package:weekly_gacha/providers/gacha_provider.dart' ('lib/providers/gacha_provider.dart').
Try correcting the name to the name of an existing getter, or defining a getter or field named 'canPull'.
                                if (gachaProvider.canPull)
                                                  ^^^^^^^
Target kernel_snapshot_program failed: Exception


FAILURE: Build failed with an exception.

* What went wrong:
Execution failed for task ':app:compileFlutterBuildRelease'.
> Process 'command '/opt/flutter/bin/flutter'' finished with non-zero exit value 1

* Try:
> Run with --stacktrace option to get the stack trace.
> Run with --info or --debug option to get more log output.
> Run with --scan to get full insights.
> Get more help at https://help.gradle.org.

BUILD FAILED in 36s
Running Gradle task 'bundleRelease'...                             36.8s
Gradle task bundleRelease failed with exit code 1
